\BOOKMARK [1][]{section.1}{\376\377\116\000\060\001\000\040\225\356\230\230\221\315\217\360}{}% 1
\BOOKMARK [2][]{subsection.1.1}{\376\377\0001\000.\0001\000\040\225\356\230\230\200\314\146\157}{section.1}% 2
\BOOKMARK [2][]{subsection.1.2}{\376\377\0001\000.\0002\000\040\225\356\230\230\166\204\143\320\121\372}{section.1}% 3
\BOOKMARK [2][]{subsection.1.3}{\376\377\0001\000.\0003\000\040\225\356\230\230\166\204\122\006\211\343}{section.1}% 4
\BOOKMARK [3][]{subsubsection.1.3.1}{\376\377\0001\000.\0003\000.\0001\000\040\225\356\230\230\116\000\122\006\211\343}{subsection.1.3}% 5
\BOOKMARK [3][]{subsubsection.1.3.2}{\376\377\0001\000.\0003\000.\0002\000\040\225\356\230\230\116\214\122\006\211\343}{subsection.1.3}% 6
\BOOKMARK [3][]{subsubsection.1.3.3}{\376\377\0001\000.\0003\000.\0003\000\040\225\356\230\230\116\011\122\006\211\343}{subsection.1.3}% 7
\BOOKMARK [3][]{subsubsection.1.3.4}{\376\377\0001\000.\0003\000.\0004\000\040\225\356\230\230\126\333\122\006\211\343}{subsection.1.3}% 8
\BOOKMARK [1][]{section.2}{\376\377\116\214\060\001\000\040\225\356\230\230\122\006\147\220}{}% 9
\BOOKMARK [2][]{subsection.2.1}{\376\377\0002\000.\0001\000\040\145\160\143\156\226\306\122\006\147\220}{section.2}% 10
\BOOKMARK [2][]{subsection.2.2}{\376\377\0002\000.\0002\000\040\177\072\131\061\120\074\131\004\164\006}{section.2}% 11
\BOOKMARK [3][]{subsubsection.2.2.1}{\376\377\0002\000.\0002\000.\0001\000\040\225\356\230\230\116\000\122\006\147\220}{subsection.2.2}% 12
\BOOKMARK [3][]{subsubsection.2.2.2}{\376\377\0002\000.\0002\000.\0002\000\040\225\356\230\230\116\214\122\006\147\220}{subsection.2.2}% 13
\BOOKMARK [3][]{subsubsection.2.2.3}{\376\377\0002\000.\0002\000.\0003\000\040\225\356\230\230\116\011\122\006\147\220}{subsection.2.2}% 14
\BOOKMARK [3][]{subsubsection.2.2.4}{\376\377\0002\000.\0002\000.\0004\000\040\225\356\230\230\126\333\122\006\147\220}{subsection.2.2}% 15
\BOOKMARK [1][]{section.3}{\376\377\116\011\060\001\000\040\152\041\127\213\120\107\213\276}{}% 16
\BOOKMARK [1][]{section.4}{\376\377\126\333\060\001\000\040\173\046\123\367\213\364\146\016}{}% 17
\BOOKMARK [1][]{section.5}{\376\377\116\224\060\001\000\040\225\356\230\230\154\102\211\343}{}% 18
\BOOKMARK [2][]{subsection.5.1}{\376\377\0005\000.\0001\000\040\225\356\230\230\116\000\166\204\136\372\152\041\116\016\154\102\211\343}{section.5}% 19
\BOOKMARK [3][]{subsubsection.5.1.1}{\376\377\0005\000.\0001\000.\0001\000\040\145\160\143\156\230\204\131\004\164\006}{subsection.5.1}% 20
\BOOKMARK [2][]{subsection.5.2}{\376\377\0005\000.\0002\000\040\162\354\160\355\177\026\170\001}{section.5}% 21
\BOOKMARK [3][]{subsubsection.5.2.1}{\376\377\0005\000.\0002\000.\0001\000\040\224\210\133\371\210\150\227\142\230\316\123\026\140\305\121\265\120\132\123\141\145\271\150\300\232\214}{subsection.5.2}% 22
\BOOKMARK [3][]{subsubsection.5.2.2}{\376\377\0005\000.\0002\000.\0002\000\040\116\015\124\014\174\173\127\213\163\273\164\203\210\150\227\142\147\011\145\340\230\316\123\026\123\026\133\146\142\020\122\006\176\337\213\241\211\304\137\213}{subsection.5.2}% 23
\BOOKMARK [3][]{subsubsection.5.2.3}{\376\377\0005\000.\0002\000.\0003\000\040\136\372\172\313\131\032\121\103\176\277\140\047\126\336\137\122\152\041\127\213}{subsection.5.2}% 24
\BOOKMARK [2][]{subsection.5.3}{\376\377\0005\000.\0003\000\040\225\356\230\230\116\214\166\204\136\372\152\041\116\016\154\102\211\343}{section.5}% 25
\BOOKMARK [3][]{subsubsection.5.3.1}{\376\377\0005\000.\0003\000.\0001\000\040\145\160\143\156\230\204\131\004\164\006}{subsection.5.3}% 26
\BOOKMARK [3][]{subsubsection.5.3.2}{\376\377\0005\000.\0003\000.\0002\000\040\122\006\147\220\116\044\171\315\163\273\164\203\166\204\122\006\174\173\211\304\137\213}{subsection.5.3}% 27
\BOOKMARK [2][]{subsection.5.4}{\376\377\0005\000.\0004\000\040\200\132\174\173\122\022\122\006}{section.5}% 28
\BOOKMARK [3][]{subsubsection.5.4.1}{\376\377\0005\000.\0004\000.\0001\000\040\200\132\174\173\173\227\154\325\166\204\151\202\137\365}{subsection.5.4}% 29
\BOOKMARK [3][]{subsubsection.5.4.2}{\376\377\0005\000.\0004\000.\0002\000\040\000k\000-\000m\000e\000a\000n\000s\200\132\174\173\153\145\232\244}{subsection.5.4}% 30
\BOOKMARK [3][]{subsubsection.5.4.3}{\376\377\0005\000.\0004\000.\0003\000\040\000`\000`\200\230\000'\000'\145\271\154\325\000-\000K\120\074\170\156\133\232}{subsection.5.4}% 31
\BOOKMARK [2][]{subsection.5.5}{\376\377\0005\000.\0005\000\040\225\356\230\230\116\011\166\204\136\372\152\041\116\016\154\102\211\343}{section.5}% 32
\BOOKMARK [3][]{subsubsection.5.5.1}{\376\377\0005\000.\0005\000.\0001\000\040\145\160\143\156\226\306\162\171\137\201\165\037\142\020}{subsection.5.5}% 33
\BOOKMARK [3][]{subsubsection.5.5.2}{\376\377\0005\000.\0005\000.\0002\000\040\152\041\127\213\136\372\172\313}{subsection.5.5}% 34
\BOOKMARK [3][]{subsubsection.5.5.3}{\376\377\0005\000.\0005\000.\0003\000\040\145\160\143\156\226\306\122\022\122\006}{subsection.5.5}% 35
\BOOKMARK [3][]{subsubsection.5.5.4}{\376\377\0005\000.\0005\000.\0004\000\040\152\041\127\213\213\304\117\060}{subsection.5.5}% 36
\BOOKMARK [3][]{subsubsection.5.5.5}{\376\377\0005\000.\0005\000.\0005\000\040\230\204\155\113\152\041\127\213\213\304\116\367\143\007\150\007}{subsection.5.5}% 37
\BOOKMARK [1][]{section.6}{\376\377\121\155\060\001\000\040\152\041\127\213\150\300\232\214}{}% 38
\BOOKMARK [2][]{subsection.6.1}{\376\377\0006\000.\0001\000\040\145\117\141\037\140\047\122\006\147\220}{section.6}% 39
\BOOKMARK [2][]{subsection.6.2}{\376\377\0006\000.\0002\000\040\135\356\137\002\140\047\122\006\147\220}{section.6}% 40
\BOOKMARK [1][]{section.7}{\376\377\116\003\060\001\000\040\152\041\127\213\213\304\116\367\116\016\143\250\136\177}{}% 41
\BOOKMARK [2][]{subsection.7.1}{\376\377\0007\000.\0001\000\040\000S\000p\000e\000a\000r\000m\000a\000n\166\370\121\163\140\047\174\373\145\160\122\006\147\220}{section.7}% 42
\BOOKMARK [2][]{subsection.7.2}{\376\377\0007\000.\0002\000\040\220\073\217\221\126\336\137\122}{section.7}% 43
\BOOKMARK [1][]{section*.23}{\376\377\123\302\200\003\145\207\163\056}{}% 44
\BOOKMARK [1][]{appendix.a.A}{\376\377\226\104\137\125\000\040\000A\000\040\147\120\145\231\176\323\147\204}{}% 45
\BOOKMARK [1][]{appendix.a.B}{\376\377\226\104\137\125\000\040\000B\000\040\000P\000y\000t\000h\000o\000n\000\040\156\220\116\343\170\001}{}% 46
